
""" 
[ticket]
{
    'h_dpt_dt': '20221008', 
    'ticket_list': [
        {'train_info': [
            {
                'h_schd_tk_knd_cd': '', 
                'addSrvBuyPsgFlg': 'Y', 
                'h_orgtk_sale_sqno': '10260', 
                'h_img_file_nm': '', 
                'h_stl_no': '', 
                'h_pnr_no': '320220933958030', 
                'apdUsrFlg': 'N', 
                'h_arv_rs_stn_nm': '남춘천', 
                'h_jrny_sqno': '0001', 
                'h_pbp_acep_tgt_flg': 'N', 
                'h_orgtk_wct_no': '82117', 
                'h_orgtk_sale_dt': '20220927', 
                'h_trn_clsf_nm': 'ITX-청춘', 
                'h_abrd_ps_nm': '', 
                'h_seat_no_end': '017', 
                'h_img_size': '000000000', 
                'h_dpt_dt': '20221008', 
                'h_cash_rcpt_bef_flg': '', 
                'h_sgr_nm_1': '', 
                'h_sgr_nm_2': '', 
                'h_seat_no': '017', 
                'h_tk_knd_cd': '72', 
                'dvcInfoSmnsFlg': 'Y', 
                'cmtrVlidFlg': '', 
                'h_re_sale_psb_flg': 'N', 
                'h_cash_rcpt_able_stl_flg': '', 
                'h_tk_knd_nm': '스마트티켓', 
                'h_dpt_rs_stn_nm': '왕십리', 
                'h_tk_stt_nm': '인쇄완료', 
                'h_srcar_no': 7, 
                'pbpRsvNo': '', 
                'h_rsv_chg_tno': '001', 
                'h_im_flg': 'N', 
                'h_cash_rcpt_able_flg': '', 
                'h_dpt_tm': '111300', 
                'h_ret_psb_flg': 'N', 
                'h_seat_cnt': '000001', 
                'h_arv_rs_stn_cd': '0152', 
                'h_tk_sqno': '000000', 
                'h_arv_dt': '20221008', 
                'h_psrm_cl_cd': '1', 
                'h_arv_tm': '121100', 
                'h_tk_stt_cd': '02', 
                'h_trn_clsf_cd': '09', 
                'h_buy_ps_nm': '강흥용', 
                'h_trn_no': '2067', 
                'h_orgtk_ret_pwd': '92', 
                'h_dpt_rs_stn_cd': '0836', 
                'h_orgtk_ret_sale_dt': '0927', 
                'h_run_dt': '20221008', 
                'h_rcvd_amt': '00000008500', 
                'addSrvBuyFlg': 'N', 
                'trnSpsFlg': 'N', 
                'h_psg_tp_cd': '1'}]}], 
                'h_tk_knd_cd': '72'} 
"""
[seat]

{
    'h_mlg_apl_flg': 'N', 
    'h_dcnt_knd_nm': '', 
    'h_seat_att_cd_4': '015', 
    'h_seat_no': '5A', 
    'h_seat_att_cd_3': '012', 
    'h_seat_att_cd_2': '009', 
    'h_dcnt_knd_cd': '000', 
    'h_psg_tp_nm': '어른', 
    'h_seat_att_cd_1': '007', 
    'h_mb_disc_apl_flg': 'N', 
    'h_seat_att_cd_5': '', 
    'h_psg_tp_cd': '1', 
    'h_sgr_nm': '', 
    'h_srcar_no': 7
}



""" 
[reservation response]
{
    'h_acnt_apv_no': '00000000000', 
    'h_ntisu_lmt_dt': '20221001', 
    'h_psg_cnt': '0001', 
    'h_msg_txt': '예약완료 되었습니다.', 
    'psgDiscAdd_infos': {'psgDiscAdd_info': []}, 
    'h_pay_cnt': '000', 
    'h_pnr_no': '320220937199330', 
    'h_wct_no': '82002', 
    'h_seat_att_disc_flg': '', 
    'h_pre_stl_tgt_flg': 'S', 
    'h_dlay_apv_flg': '', 
    'h_tmp_job_sqno1': '003889', 
    'h_pay_limit_msg': '10분 이내 미결제시 승차권이 자동으로 취소됩니다.', 
    'h_tmp_job_sqno2': '000000', 
    'h_ntisu_lmt_tm': '135000', 
    'jrny_infos': {
        'jrny_info': [
            {
                'h_jrny_tp_cd': '11', 
                'h_dpt_dt': '20221001', 
                'h_arv_tm': '141800', 
                'h_tot_seat_cnt': '00001', 
                'seat_infos': {
                    'seat_info': [
                        {
                            'h_dcnt_knd_cd1': '000', 
                            'h_frbs_cd': '', 
                            'h_seat_att_cd_2': '009', 
                            'h_etc_seat_att_cd': '', 
                            'h_cert_no': '', 
                            'h_cert_dv_cd': '', 
                            'h_seat_fare': '00000000000000', 
                            'h_tot_disc_amt': '00000000000', 
                            'h_dcnt_knd_cd_nm1': '', 
                            'h_dcnt_knd_cd1_nm': '', 
                            'h_dcnt_knd_cd_nm2': '', 
                            'h_disc_card_use_cnt': '000000000', 
                            'h_dir_seat_att_cd': '009', 
                            'h_disc_card_re_cnt': '000000000', 
                            'h_smk_seat_att_cd': '', 
                            'h_psrm_cl_nm': '일반실', 
                            'h_dcnt_knd_cd2_nm': '', 
                            'h_seat_prc': '00000000002600', 
                            'h_dcnt_knd_cd2': '000', 
                            'h_bkcls_cd': '', 
                            'h_psrm_cl_cd': '1', 
                            'h_seat_no': '15', 
                            'h_dcnt_reld_no': '', 
                            'h_movie_psrm_flg': '', 
                            'h_cont_seat_cnt': '0001', 
                            'h_loc_seat_att_cd': '012', 
                            'h_rq_seat_att_cd': '015', 
                            'h_sgr_nm': '', 
                            'h_disc_card_knd': '', 
                            'h_rcvd_amt': '00000002600', 
                            'h_psg_tp_cd': '1', 
                            'h_srcar_no': '0006'
                        }
                    ]
                }, 
                'h_trn_clsf_cd': '02', 
                'h_trn_no': '1422', 
                'h_arv_rs_stn_nm': '조치원', 
                'h_dpt_rs_stn_cd': '0008', 
                'h_dpt_tm': '141000', 
                'h_fres_cnt': '00000', 
                'h_seat_cnt': '000001', 
                'h_ob_flg': '', 
                'h_trn_gp_cd': '102', 
                'h_dpt_rs_stn_nm': '부강', 
                'h_trn_clsf_nm': '무궁화호', 
                'h_arv_rs_stn_cd': '0007', 
                'h_tot_stnd_cnt': '00000'
            }
        ]
    }, 
    'h_jrny_cnt': '0001', 
    'h_lunchbox_chg_flg': '', 
    'h_msg_cd': 'IRR000002', 
    'psg_infos': {
        'psg_info': [
            {
                'h_dcsp_no2': '', 
                'h_dcsp_no': '', 
                'h_dcnt_knd_cd': '', 
                'h_psg_info_per_prnb': '0001', 
                'h_psg_tp_cd': '1', 
                'h_dcnt_knd_cd2': ''
            }
        ]
    }, 
    'h_msg_mndry': '', 
    'h_guide': '※ 열차출발 3시간전까지 결제하셔야 합니다.\n
    다만, 인터넷특가할인을 적용받은 승차권은 인터넷, 코레일톡에서만 할인이 적용되며 예약 즉시 결제·발권하셔야 할인이 적용됩니다.\n
    할인승차권을 역 창구에서 변경 시 할인이 취소될 수 있습니다.\n\n
    와이파이(WiFi) 서비스는 KTX에서 이용하실 수 있습니다.', 
    'h_add_srv_flg': 'Y', 
    'strResult': 'SUCC', 
    'h_table_flg': '', 
    'h_disc_cnt': '0000', 
    'h_disc_crd_reisu_flg': '', 
    'h_fmly_info_cfm_flg': '', 
    'h_msg_txt2': '', 
    'h_msg_txt3': '', 
    'h_dlay_apv_txt': '', 
    'h_msg_txt4': '', 
    'h_msg_txt5': '예약완료 되었습니다.', 
    'h_tot_rcvd_amt': '0000000000002600', 
    'h_ntisu_lmt': '10분 이내 미결제시 승차권이 자동 으로 취소됩니다.'
}
    
"""

""" 
[
    {
        'train_infos': {
            'train_info': [
                {
                    'h_ntisu_lmt_dt': '20221001', 
                    'h_pnr_no': '320220937199330', 
                    'h_jrny_sqno': '0001', 
                    'h_arv_rs_stn_nm': '조치원', 
                    'h_rsv_amt': '00000002600', 
                    'h_jrny_prg_stt_cd': '12', 
                    'h_dpt_tm': '141000', 
                    'h_pre_stl_tgt_flg': 'S', 
                    'h_trn_gp_cd': '102', 
                    'h_ntisu_lmt_tm': '135000', 
                    'h_trn_clsf_nm': '무궁화호', 
                    'h_arv_rs_stn_cd': '0007', 
                    'h_seat_att_cd_cnt': '1', 
                    'h_acmp_cnt': '1', 
                    'h_rsv_tp_cd': '03', 
                    'h_jrny_tp_cd': '11', 
                    'h_disc_med_flg': '', 
                    'h_movie_psrm_flg': '', 
                    'h_rsv_chg_no': '000', 
                    'h_arv_stn_cons_ordr': '000023', 
                    'h_pnr_cnt': '00000000001', 
                    'h_arv_tm': '141800', 
                    'h_tot_seat_cnt': '00001', 
                    'h_trn_clsf_cd': '02', 
                    'h_trn_no': '1422', 
                    'h_dpt_stn_cons_ordr': '000025', 
                    'h_table_flg': '', 
                    'h_dpt_rs_stn_cd': '0008', 
                    'h_stl_flg': 'N', 
                    'h_run_dt': '20221001', 
                    'h_gd_no': '', 
                    'h_acpt_ps_flg': 'N', 
                    'h_dpt_rs_stn_nm': '부강', 
                    'h_srv_cnt': '0', 
                    'h_ntisu_psb_dt': '20220930', 
                    'h_tot_stnd_cnt': '00000'
                }
            ]
        }, 
        'srv_infos': {'srv_info': []},
        'acmp_infos': {'acmp_info': [{'h_disc_card_knd': '', 'h_psrm_cl_cd': '1', 'h_disc_knd_cd': '000', 'h_disc_rt': '', 'h_psg_tp_cd': '1', 'h_compa_cnt': '0001', 'h_cert_no': '', 'h_cert_dv_cd': ''}]}, 'seat_att_infos': {'seat_att_info': [{}]}}] 
"""

""" 
[train dictionary]

'h_trn_seq': '009',
'h_chg_trn_dv_cd': '1',
'h_chg_trn_dv_nm': '직통',
'h_chg_trn_seq': '1',
'h_dpt_rs_stn_cd': '0297',
'h_dpt_rs_stn_nm': '오송',
'h_arv_rs_stn_cd': '0001',
'h_arv_rs_stn_nm': '서울',
'h_trn_no': '066',
'h_trn_no_qb': '066',
'h_yms_apl_flg': 'Y',
'h_trn_gp_cd': '100',
'h_trn_clsf_cd': '00',
'h_run_dt': '20221001',
'h_dpt_dt': '20221001',
'h_dpt_tm': '225500',
'h_dpt_tm_qb': '22:55',
'h_arv_dt': '20221001',
'h_arv_tm': '234200',
'h_arv_tm_qb': '23:42',
'h_expct_dlay_hr': '000000',
'h_rsv_wait_ps_cnt': '0278',
'h_dtour_flg': '',
'h_dtour_txt': '-',
'h_std_rest_seat_cnt': '',
'h_fst_rest_seat_cnt': '',
'h_car_tp_cd': '',
'h_car_tp_nm': '',
'h_trn_cps_cd1': 'X',
'h_trn_cps_nm1': '전동휠체어석',
'h_trn_cps_cd2': '',
'h_trn_cps_nm2': '',
'h_trn_cps_cd3': '',
'h_trn_cps_nm3': '',
'h_trn_cps_cd4': '',
'h_trn_cps_nm4': '',
'h_trn_cps_cd5': '',
'h_trn_cps_nm5': '',
'h_train_disc_rt': '',
'h_wait_rsv_flg': '-2',
'h_rd_cnd_disc_no': '',
'h_rd_cnd_disc_nm': '',
'h_spe_rsv_cd': '11',
'h_spe_rsv_cd2': '39',
'h_spe_rsv_nm': '좌석많음',
'h_spe_disc_rt': '0',
'h_spe_seat_map_flg': 'Y',
'h_spe_psrm_cl_nm': '특실',
'h_gen_rsv_cd': '11',
'h_gen_rsv_cd2': '39',
'h_gen_rsv_nm': '좌석많음',
'h_gen_disc_rt': '0',
'h_gen_seat_map_flg': 'Y',
'h_gen_psrm_cl_nm': '일반실',
'h_stnd_rsv_cd': '01',
'h_stnd_rsv_nm': '역발매중',
'h_free_rsv_cd': '01',
'h_free_rsv_nm': '역발매중',
'h_free_sracar_cnt': '000',
'h_train_disc_gen_rt': '0010.00',
'h_run_tm': '0047',
'h_rd_add_info': '00',
'h_nonstop_msg': '',
'h_nonstop_msg_txt': '',
'h_rd_seat_map_flg': 'YY',
'h_dpt_stn_cons_ordr': '000016',
'h_arv_stn_cons_ordr': '000007',
'h_dpt_stn_run_ordr': '000006',
'h_arv_stn_run_ordr': '000008',
'h_seat_att_cd': '015',
'h_rcvd_amt': '00000000016600',
'h_rcvd_prc2': '00000000000000',
'h_rcvd_fare': '00000000007400',
'h_cnec_trfc_psb_flg': '',
'h_cnec_trfc_nd_hm': '',
'h_cnec_trfc_rcvd_prc': '00000000000000',
'h_expn_dpt_dlay_tnum': '0',
'h_dlay_sale_flg': 'N',
'h_rsv_psb_flg': 'Y',
'h_rsv_psb_nm': '10%할인\n16,600원',
'h_spe_rsv_psb_nm': '운임10%\n24,000원',
'h_stn_sale_flg': 'N',
'h_stn_sale_txt': '자유석 또는 입석은\n역에서 구입할 수 있습니다.',
'h_info_txt': '선택하신 열차는 다른 열차에 비해 정차역 수가 적어 가격이 최대 0.6% 높습니다.\n\n계속 진행하시겠습니까?',
'h_trn_clsf_nm': 'KTX',
'h_trn_gp_nm': 'KTX' 
"""